<?xml version="1.0" encoding="UTF-8"?>
<!-- Generated by org.testng.reporters.JUnitReportReporter -->
<testsuite skipped="0" hostname="DESKTOP-HKSVPFN" name="GmailAppTest.TestApacheExcel" tests="1" failures="0" timestamp="03 Dec 2018 01:12:08 GMT" time="13.497" errors="0">
  <testcase name="TestExcel" time="13.497" classname="GmailAppTest.TestApacheExcel"/>
</testsuite> <!-- GmailAppTest.TestApacheExcel -->
