<?xml version="1.0" encoding="UTF-8"?>
<!-- Generated by org.testng.reporters.JUnitReportReporter -->
<testsuite skipped="0" hostname="DESKTOP-HKSVPFN" name="GmailAppTest.ParameterisedTest" tests="1" failures="0" timestamp="29 Nov 2018 05:47:14 GMT" time="0.011" errors="0">
  <testcase name="f" time="0.011" classname="GmailAppTest.ParameterisedTest"/>
</testsuite> <!-- GmailAppTest.ParameterisedTest -->
