<?xml version="1.0" encoding="UTF-8"?>
<!-- Generated by org.testng.reporters.JUnitReportReporter -->
<testsuite skipped="0" hostname="DESKTOP-HKSVPFN" name="GmailAppTest.DataProviderClass" tests="2" failures="0" timestamp="05 Dec 2018 07:35:30 GMT" time="0.009" errors="0">
  <testcase name="f" time="0.001" classname="GmailAppTest.DataProviderClass"/>
  <testcase name="f" time="0.008" classname="GmailAppTest.DataProviderClass"/>
</testsuite> <!-- GmailAppTest.DataProviderClass -->
