<?xml version="1.0" encoding="UTF-8"?>
<!-- Generated by org.testng.reporters.JUnitReportReporter -->
<testsuite skipped="0" hostname="DESKTOP-HKSVPFN" name="GmailAppTest.GmailLoginTest" tests="1" failures="0" timestamp="11 Dec 2018 04:52:44 GMT" time="0.011" errors="0">
  <testcase name="f" time="0.011" classname="GmailAppTest.GmailLoginTest"/>
</testsuite> <!-- GmailAppTest.GmailLoginTest -->
